Copyright 1986-2017 Xilinx, Inc. All Rights Reserved.
----------------------------------------------------------------------------------------------------------------------------------------------------------------------
| Tool Version     : Vivado v.2017.4 (win64) Build 2086221 Fri Dec 15 20:55:39 MST 2017
| Date             : Tue May 28 21:07:31 2019
| Host             : LAPTOP-JM8CLPIU running 64-bit major release  (build 9200)
| Command          : report_power -file design_1_wrapper_power_routed.rpt -pb design_1_wrapper_power_summary_routed.pb -rpx design_1_wrapper_power_routed.rpx
| Design           : design_1_wrapper
| Device           : xc7a35tcsg324-3
| Design State     : routed
| Grade            : extended
| Process          : typical
| Characterization : Production
----------------------------------------------------------------------------------------------------------------------------------------------------------------------

Power Report

Table of Contents
-----------------
1. Summary
1.1 On-Chip Components
1.2 Power Supply Summary
1.3 Confidence Level
2. Settings
2.1 Environment
2.2 Clock Constraints
3. Detailed Reports
3.1 By Hierarchy

1. Summary
----------

+--------------------------+----------------------------------+
| Total On-Chip Power (W)  | 51.936 (Junction temp exceeded!) |
| Design Power Budget (W)  | Unspecified*                     |
| Power Budget Margin (W)  | NA                               |
| Dynamic (W)              | 51.450                           |
| Device Static (W)        | 0.486                            |
| Effective TJA (C/W)      | 4.8                              |
| Max Ambient (C)          | 0.0                              |
| Junction Temperature (C) | 125.0                            |
| Confidence Level         | Low                              |
| Setting File             | ---                              |
| Simulation Activity File | ---                              |
| Design Nets Matched      | NA                               |
+--------------------------+----------------------------------+
* Specify Design Power Budget using, set_operating_conditions -design_power_budget <value in Watts>


1.1 On-Chip Components
----------------------

+----------------+-----------+----------+-----------+-----------------+
| On-Chip        | Power (W) | Used     | Available | Utilization (%) |
+----------------+-----------+----------+-----------+-----------------+
| Slice Logic    |     2.323 |     2217 |       --- |             --- |
|   LUT as Logic |     1.749 |      632 |     20800 |            3.04 |
|   CARRY4       |     0.337 |      224 |      8150 |            2.75 |
|   Register     |     0.231 |      942 |     41600 |            2.26 |
|   BUFG         |     0.006 |        1 |        32 |            3.13 |
|   Others       |     0.000 |       40 |       --- |             --- |
| Signals        |     3.103 |     2352 |       --- |             --- |
| I/O            |    46.024 |       53 |       210 |           25.24 |
| Static Power   |     0.486 |          |           |                 |
| Total          |    51.936 |          |           |                 |
+----------------+-----------+----------+-----------+-----------------+


1.2 Power Supply Summary
------------------------

+-----------+-------------+-----------+-------------+------------+
| Source    | Voltage (V) | Total (A) | Dynamic (A) | Static (A) |
+-----------+-------------+-----------+-------------+------------+
| Vccint    |       1.000 |     5.782 |       5.441 |      0.341 |
| Vccaux    |       1.800 |     1.739 |       1.686 |      0.053 |
| Vcco33    |       3.300 |    13.023 |      13.022 |      0.001 |
| Vcco25    |       2.500 |     0.000 |       0.000 |      0.000 |
| Vcco18    |       1.800 |     0.000 |       0.000 |      0.000 |
| Vcco15    |       1.500 |     0.000 |       0.000 |      0.000 |
| Vcco135   |       1.350 |     0.000 |       0.000 |      0.000 |
| Vcco12    |       1.200 |     0.000 |       0.000 |      0.000 |
| Vccaux_io |       1.800 |     0.000 |       0.000 |      0.000 |
| Vccbram   |       1.000 |     0.010 |       0.000 |      0.010 |
| MGTAVcc   |       1.000 |     0.000 |       0.000 |      0.000 |
| MGTAVtt   |       1.200 |     0.000 |       0.000 |      0.000 |
| Vccadc    |       1.800 |     0.020 |       0.000 |      0.020 |
+-----------+-------------+-----------+-------------+------------+


1.3 Confidence Level
--------------------

+-----------------------------+------------+--------------------------------------------------------+--------------------------------------------------------------------------------------------------------------------+
| User Input Data             | Confidence | Details                                                | Action                                                                                                             |
+-----------------------------+------------+--------------------------------------------------------+--------------------------------------------------------------------------------------------------------------------+
| Design implementation state | High       | Design is routed                                       |                                                                                                                    |
| Clock nodes activity        | Low        | User specified less than 75% of clocks                 | Provide missing clock activity with a constraint file, simulation results or by editing the "By Clock Domain" view |
| I/O nodes activity          | Low        | More than 75% of inputs are missing user specification | Provide missing input activity with simulation results or by editing the "By Resource Type -> I/Os" view           |
| Internal nodes activity     | Medium     | User specified less than 25% of internal nodes         | Provide missing internal nodes activity with simulation results or by editing the "By Resource Type" views         |
| Device models               | High       | Device models are Production                           |                                                                                                                    |
|                             |            |                                                        |                                                                                                                    |
| Overall confidence level    | Low        |                                                        |                                                                                                                    |
+-----------------------------+------------+--------------------------------------------------------+--------------------------------------------------------------------------------------------------------------------+


2. Settings
-----------

2.1 Environment
---------------

+-----------------------+--------------------------+
| Ambient Temp (C)      | 25.0                     |
| ThetaJA (C/W)         | 4.8                      |
| Airflow (LFM)         | 250                      |
| Heat Sink             | medium (Medium Profile)  |
| ThetaSA (C/W)         | 4.6                      |
| Board Selection       | medium (10"x10")         |
| # of Board Layers     | 12to15 (12 to 15 Layers) |
| Board Temperature (C) | 25.0                     |
+-----------------------+--------------------------+


2.2 Clock Constraints
---------------------

+-------+--------+-----------------+
| Clock | Domain | Constraint (ns) |
+-------+--------+-----------------+


3. Detailed Reports
-------------------

3.1 By Hierarchy
----------------

+------------------+-----------+
| Name             | Power (W) |
+------------------+-----------+
| design_1_wrapper |    51.450 |
|   design_1_i     |     5.350 |
|     bijiao_0     |     0.002 |
|       inst       |     0.002 |
|     check_g_0    |     0.000 |
|     check_r_0    |    <0.001 |
|     da_0         |     0.000 |
|       inst       |     0.000 |
|     da_1         |     0.000 |
|       inst       |     0.000 |
|     erxuanyi_0   |    <0.001 |
|       inst       |    <0.001 |
|     huofei_0     |     0.000 |
|       inst       |     0.000 |
|     huofei_1     |     0.000 |
|       inst       |     0.000 |
|     jicun_0      |     0.188 |
|       inst       |     0.188 |
|     jishi_0      |     0.247 |
|       inst       |     0.247 |
|     jishu_0      |     0.216 |
|       inst       |     0.216 |
|     jishum_0     |     0.050 |
|       inst       |     0.050 |
|     led_0        |     0.518 |
|       inst       |     0.518 |
|     mima_0       |     0.085 |
|       inst       |     0.085 |
|     pianxuan1_0  |     0.212 |
|       inst       |     0.212 |
|     pianxuan2_0  |     0.227 |
|       inst       |     0.227 |
|     xiaodou_0    |     0.342 |
|       inst       |     0.342 |
|     xiaodou_1    |     0.355 |
|       inst       |     0.355 |
|     xiaodou_2    |     0.344 |
|       inst       |     0.344 |
|     xiaodou_3    |     0.351 |
|       inst       |     0.351 |
|     xiaodou_4    |     0.378 |
|       inst       |     0.378 |
|     xiaodou_5    |     0.395 |
|       inst       |     0.395 |
|     xiaodou_6    |     0.371 |
|       inst       |     0.371 |
|     xiaodou_7    |     0.375 |
|       inst       |     0.375 |
|     xiaodou_8    |     0.346 |
|       inst       |     0.346 |
|     xiaodou_9    |     0.345 |
|       inst       |     0.345 |
+------------------+-----------+


