#-----------------------------------------------------------
# Vivado v2017.4 (64-bit)
# SW Build 2086221 on Fri Dec 15 20:55:39 MST 2017
# IP Build 2085800 on Fri Dec 15 22:25:07 MST 2017
# Start of session at: Wed May 29 11:35:19 2019
# Process ID: 9804
# Current directory: D:/vivado/yanshiban_xiaodou/yanshiban/yanshiban
# Command line: vivado.exe -gui_launcher_event rodinguilauncherevent9816 D:\vivado\yanshiban_xiaodou\yanshiban\yanshiban\yanshiban.xpr
# Log file: D:/vivado/yanshiban_xiaodou/yanshiban/yanshiban/vivado.log
# Journal file: D:/vivado/yanshiban_xiaodou/yanshiban/yanshiban\vivado.jou
#-----------------------------------------------------------
start_gui
open_project D:/vivado/yanshiban_xiaodou/yanshiban/yanshiban/yanshiban.xpr
CRITICAL WARNING: [Project 1-19] Could not find the file 'C:/Users/MasterH/Documents/Tencent Files/958028260/FileRecv/wanchengban/wanchengban/zuizhong/text_behav.wcfg'.
Scanning sources...
Finished scanning sources
WARNING: [filemgmt 56-3] IP Repository Path: Could not find the directory 'C:/Users/MasterH/Documents/Tencent Files/958028260/FileRecv/wanchengban/wanchengban/HIT_74chips'.
WARNING: [filemgmt 56-3] IP Repository Path: Could not find the directory 'C:/Users/MasterH/Documents/Tencent Files/958028260/FileRecv/wanchengban/wanchengban/MY_74LS153'.
WARNING: [filemgmt 56-3] IP Repository Path: Could not find the directory 'C:/Users/MasterH/Documents/Tencent Files/958028260/FileRecv/wanchengban/wanchengban/MY_74LS194'.
INFO: [IP_Flow 19-234] Refreshing IP repositories
WARNING: [IP_Flow 19-2248] Failed to load user IP repository 'c:/Users/MasterH/Documents/Tencent Files/958028260/FileRecv/wanchengban/wanchengban/HIT_74chips'; Can't find the specified path.
If this directory should no longer be in your list of user repositories, go to the IP Settings dialog and remove it.
WARNING: [IP_Flow 19-2248] Failed to load user IP repository 'c:/Users/MasterH/Documents/Tencent Files/958028260/FileRecv/wanchengban/wanchengban/MY_74LS153'; Can't find the specified path.
If this directory should no longer be in your list of user repositories, go to the IP Settings dialog and remove it.
WARNING: [IP_Flow 19-2248] Failed to load user IP repository 'c:/Users/MasterH/Documents/Tencent Files/958028260/FileRecv/wanchengban/wanchengban/MY_74LS194'; Can't find the specified path.
If this directory should no longer be in your list of user repositories, go to the IP Settings dialog and remove it.
INFO: [IP_Flow 19-2313] Loaded Vivado IP repository 'D:/Tool/Xilinx/Vivado/2017.4/data/ip'.
open_hw
INFO: [Labtools 27-2285] Connecting to hw_server url TCP:localhost:3121
INFO: [Labtools 27-2222] Launching hw_server...
INFO: [Labtools 27-2221] Launch Output:

****** Xilinx hw_server v2017.4
  **** Build date : Dec 15 2017-21:08:27
    ** Copyright 1986-2017 Xilinx, Inc. All Rights Reserved.


INFO: [Labtools 27-2285] Connecting to hw_server url TCP:localhost:3121
connect_hw_server -url localhost:3121
INFO: [Labtools 27-2285] Connecting to hw_server url TCP:localhost:3121
current_hw_target [get_hw_targets */xilinx_tcf/Xilinx/1234-tulA]
set_property PARAM.FREQUENCY 15000000 [get_hw_targets */xilinx_tcf/Xilinx/1234-tulA]
open_hw_target
INFO: [Labtoolstcl 44-466] Opening hw_target localhost:3121/xilinx_tcf/Xilinx/1234-tulA
set_property PROGRAM.FILE {D:/vivado/yanshiban_xiaodou/yanshiban/yanshiban/yanshiban.runs/impl_1/design_1_wrapper.bit} [get_hw_devices xc7a35t_0]
current_hw_device [get_hw_devices xc7a35t_0]
refresh_hw_device -update_hw_probes false [lindex [get_hw_devices xc7a35t_0] 0]
INFO: [Labtools 27-1434] Device xc7a35t (JTAG device index = 0) is programmed with a design that has no supported debug core(s) in it.
WARNING: [Labtools 27-3361] The debug hub core was not detected.
Resolution: 
1. Make sure the clock connected to the debug hub (dbg_hub) core is a free running clock and is active.
2. Make sure the BSCAN_SWITCH_USER_MASK device property in Vivado Hardware Manager reflects the user scan chain setting in the design and refresh the device.  To determine the user scan chain setting in the design, open the implemented design and use 'get_property C_USER_SCAN_CHAIN [get_debug_cores dbg_hub]'.
For more details on setting the scan chain property, consult the Vivado Debug and Programming User Guide (UG908).
set_property PROBES.FILE {} [get_hw_devices xc7a35t_0]
set_property FULL_PROBES.FILE {} [get_hw_devices xc7a35t_0]
set_property PROGRAM.FILE {D:/vivado/yanshiban_xiaodou/yanshiban/yanshiban/yanshiban.runs/impl_1/design_1_wrapper.bit} [get_hw_devices xc7a35t_0]
program_hw_devices [get_hw_devices xc7a35t_0]
INFO: [Labtools 27-3164] End of startup status: HIGH
refresh_hw_device [lindex [get_hw_devices xc7a35t_0] 0]
INFO: [Labtools 27-1434] Device xc7a35t (JTAG device index = 0) is programmed with a design that has no supported debug core(s) in it.
WARNING: [Labtools 27-3361] The debug hub core was not detected.
Resolution: 
1. Make sure the clock connected to the debug hub (dbg_hub) core is a free running clock and is active.
2. Make sure the BSCAN_SWITCH_USER_MASK device property in Vivado Hardware Manager reflects the user scan chain setting in the design and refresh the device.  To determine the user scan chain setting in the design, open the implemented design and use 'get_property C_USER_SCAN_CHAIN [get_debug_cores dbg_hub]'.
For more details on setting the scan chain property, consult the Vivado Debug and Programming User Guide (UG908).
ERROR: [Labtoolstcl 44-513] HW Target shutdown. Closing target: localhost:3121/xilinx_tcf/Xilinx/1234-tulA
exit
INFO: [Common 17-206] Exiting Vivado at Wed May 29 11:36:17 2019...
INFO: [filemgmt 56-326] User Interrupt. Could not getCurrentGraph()
INFO: [filemgmt 56-326] User Interrupt. Could not getCurrentGraph()
