#-----------------------------------------------------------
# Vivado v2017.4 (64-bit)
# SW Build 2086221 on Fri Dec 15 20:55:39 MST 2017
# IP Build 2085800 on Fri Dec 15 22:25:07 MST 2017
# Start of session at: Tue May 28 14:36:07 2019
# Process ID: 10800
# Current directory: D:/vivado/233/yanshiban/yanshiban
# Command line: vivado.exe -gui_launcher_event rodinguilauncherevent13176 D:\vivado\233\yanshiban\yanshiban\yanshiban.xpr
# Log file: D:/vivado/233/yanshiban/yanshiban/vivado.log
# Journal file: D:/vivado/233/yanshiban/yanshiban\vivado.jou
#-----------------------------------------------------------
start_gui
open_project D:/vivado/233/yanshiban/yanshiban/yanshiban.xpr
CRITICAL WARNING: [Project 1-19] Could not find the file 'C:/Users/MasterH/Documents/Tencent Files/958028260/FileRecv/wanchengban/wanchengban/zuizhong/text_behav.wcfg'.
Scanning sources...
Finished scanning sources
WARNING: [filemgmt 56-3] IP Repository Path: Could not find the directory 'C:/Users/MasterH/Documents/Tencent Files/958028260/FileRecv/wanchengban/wanchengban/HIT_74chips'.
WARNING: [filemgmt 56-3] IP Repository Path: Could not find the directory 'C:/Users/MasterH/Documents/Tencent Files/958028260/FileRecv/wanchengban/wanchengban/MY_74LS153'.
WARNING: [filemgmt 56-3] IP Repository Path: Could not find the directory 'C:/Users/MasterH/Documents/Tencent Files/958028260/FileRecv/wanchengban/wanchengban/MY_74LS194'.
INFO: [IP_Flow 19-234] Refreshing IP repositories
WARNING: [IP_Flow 19-2248] Failed to load user IP repository 'c:/Users/MasterH/Documents/Tencent Files/958028260/FileRecv/wanchengban/wanchengban/HIT_74chips'; Can't find the specified path.
If this directory should no longer be in your list of user repositories, go to the IP Settings dialog and remove it.
WARNING: [IP_Flow 19-2248] Failed to load user IP repository 'c:/Users/MasterH/Documents/Tencent Files/958028260/FileRecv/wanchengban/wanchengban/MY_74LS153'; Can't find the specified path.
If this directory should no longer be in your list of user repositories, go to the IP Settings dialog and remove it.
WARNING: [IP_Flow 19-2248] Failed to load user IP repository 'c:/Users/MasterH/Documents/Tencent Files/958028260/FileRecv/wanchengban/wanchengban/MY_74LS194'; Can't find the specified path.
If this directory should no longer be in your list of user repositories, go to the IP Settings dialog and remove it.
INFO: [IP_Flow 19-2313] Loaded Vivado IP repository 'D:/Tool/Xilinx/Vivado/2017.4/data/ip'.
update_compile_order -fileset sources_1
open_bd_design {D:/vivado/233/yanshiban/yanshiban/yanshiban.srcs/sources_1/bd/design_1/design_1.bd}
Adding cell -- xilinx.com:module_ref:jishum:1.0 - jishum_0
Adding cell -- xilinx.com:module_ref:check_g:1.0 - check_g_0
Adding cell -- xilinx.com:module_ref:check_r:1.0 - check_r_0
Adding cell -- xilinx.com:module_ref:pianxuan1:1.0 - pianxuan1_0
Adding cell -- xilinx.com:module_ref:led:1.0 - led_0
Adding cell -- xilinx.com:module_ref:erxuanyi:1.0 - erxuanyi_0
Adding cell -- xilinx.com:module_ref:huofei:1.0 - huofei_0
Adding cell -- xilinx.com:module_ref:huofei:1.0 - huofei_1
Adding cell -- xilinx.com:module_ref:da:1.0 - da_0
Adding cell -- xilinx.com:module_ref:da:1.0 - da_1
Adding cell -- xilinx.com:module_ref:mima:1.0 - mima_0
Adding cell -- xilinx.com:module_ref:jishi:1.0 - jishi_0
Adding cell -- xilinx.com:module_ref:pianxuan2:1.0 - pianxuan2_0
Adding cell -- xilinx.com:module_ref:bijiao:1.0 - bijiao_0
Adding cell -- xilinx.com:module_ref:jishu:1.0 - jishu_0
Adding cell -- xilinx.com:module_ref:jicun:1.0 - jicun_0
Adding cell -- xilinx.com:module_ref:xiaodou:1.0 - xiaodou_0
Adding cell -- xilinx.com:module_ref:xiaodou:1.0 - xiaodou_1
Adding cell -- xilinx.com:module_ref:xiaodou:1.0 - xiaodou_2
Adding cell -- xilinx.com:module_ref:xiaodou:1.0 - xiaodou_3
Adding cell -- xilinx.com:module_ref:xiaodou:1.0 - xiaodou_4
Adding cell -- xilinx.com:module_ref:xiaodou:1.0 - xiaodou_5
Adding cell -- xilinx.com:module_ref:xiaodou:1.0 - xiaodou_6
Adding cell -- xilinx.com:module_ref:xiaodou:1.0 - xiaodou_7
Adding cell -- xilinx.com:module_ref:xiaodou:1.0 - xiaodou_8
Adding cell -- xilinx.com:module_ref:xiaodou:1.0 - xiaodou_9
WARNING: [BD 41-1731] Type mismatch between connected pins: /clk(clk) and /da_0/shuru(undef)
WARNING: [BD 41-1731] Type mismatch between connected pins: /clk(clk) and /da_1/shuru(undef)
Successfully read diagram <design_1> from BD file <D:/vivado/233/yanshiban/yanshiban/yanshiban.srcs/sources_1/bd/design_1/design_1.bd>
open_bd_design: Time (s): cpu = 00:00:08 ; elapsed = 00:00:06 . Memory (MB): peak = 954.023 ; gain = 72.766
exit
INFO: [Common 17-206] Exiting Vivado at Tue May 28 14:37:40 2019...
