#-----------------------------------------------------------
# Vivado v2017.4 (64-bit)
# SW Build 2086221 on Fri Dec 15 20:55:39 MST 2017
# IP Build 2085800 on Fri Dec 15 22:25:07 MST 2017
# Start of session at: Tue May 28 10:34:18 2019
# Process ID: 14988
# Current directory: D:/vivado/233/yanshiban/yanshiban
# Command line: vivado.exe -gui_launcher_event rodinguilauncherevent4012 D:\vivado\233\yanshiban\yanshiban\yanshiban.xpr
# Log file: D:/vivado/233/yanshiban/yanshiban/vivado.log
# Journal file: D:/vivado/233/yanshiban/yanshiban\vivado.jou
#-----------------------------------------------------------
start_gui
open_project D:/vivado/233/yanshiban/yanshiban/yanshiban.xpr
INFO: [Project 1-313] Project file moved from 'D:/vivado/yanshiban/yanshiban' since last save.
CRITICAL WARNING: [Project 1-19] Could not find the file 'C:/Users/MasterH/Documents/Tencent Files/958028260/FileRecv/wanchengban/wanchengban/zuizhong/text_behav.wcfg'.
Scanning sources...
Finished scanning sources
WARNING: [filemgmt 56-3] IP Repository Path: Could not find the directory 'C:/Users/MasterH/Documents/Tencent Files/958028260/FileRecv/wanchengban/wanchengban/HIT_74chips'.
WARNING: [filemgmt 56-3] IP Repository Path: Could not find the directory 'C:/Users/MasterH/Documents/Tencent Files/958028260/FileRecv/wanchengban/wanchengban/MY_74LS153'.
WARNING: [filemgmt 56-3] IP Repository Path: Could not find the directory 'C:/Users/MasterH/Documents/Tencent Files/958028260/FileRecv/wanchengban/wanchengban/MY_74LS194'.
INFO: [IP_Flow 19-234] Refreshing IP repositories
WARNING: [IP_Flow 19-2248] Failed to load user IP repository 'c:/Users/MasterH/Documents/Tencent Files/958028260/FileRecv/wanchengban/wanchengban/HIT_74chips'; Can't find the specified path.
If this directory should no longer be in your list of user repositories, go to the IP Settings dialog and remove it.
WARNING: [IP_Flow 19-2248] Failed to load user IP repository 'c:/Users/MasterH/Documents/Tencent Files/958028260/FileRecv/wanchengban/wanchengban/MY_74LS153'; Can't find the specified path.
If this directory should no longer be in your list of user repositories, go to the IP Settings dialog and remove it.
WARNING: [IP_Flow 19-2248] Failed to load user IP repository 'c:/Users/MasterH/Documents/Tencent Files/958028260/FileRecv/wanchengban/wanchengban/MY_74LS194'; Can't find the specified path.
If this directory should no longer be in your list of user repositories, go to the IP Settings dialog and remove it.
INFO: [IP_Flow 19-2313] Loaded Vivado IP repository 'D:/Tool/Xilinx/Vivado/2017.4/data/ip'.
update_compile_order -fileset sources_1
open_bd_design {D:/vivado/233/yanshiban/yanshiban/yanshiban.srcs/sources_1/bd/design_1/design_1.bd}
Adding cell -- xilinx.com:module_ref:jishum:1.0 - jishum_0
Adding cell -- xilinx.com:module_ref:check_g:1.0 - check_g_0
Adding cell -- xilinx.com:module_ref:check_r:1.0 - check_r_0
Adding cell -- xilinx.com:module_ref:pianxuan1:1.0 - pianxuan1_0
Adding cell -- xilinx.com:module_ref:led:1.0 - led_0
Adding cell -- xilinx.com:module_ref:erxuanyi:1.0 - erxuanyi_0
Adding cell -- xilinx.com:module_ref:huofei:1.0 - huofei_0
Adding cell -- xilinx.com:module_ref:huofei:1.0 - huofei_1
Adding cell -- xilinx.com:module_ref:da:1.0 - da_0
Adding cell -- xilinx.com:module_ref:da:1.0 - da_1
Adding cell -- xilinx.com:module_ref:mima:1.0 - mima_0
Adding cell -- xilinx.com:module_ref:jishi:1.0 - jishi_0
Adding cell -- xilinx.com:module_ref:pianxuan2:1.0 - pianxuan2_0
Adding cell -- xilinx.com:module_ref:bijiao:1.0 - bijiao_0
Adding cell -- xilinx.com:module_ref:jishu:1.0 - jishu_0
Adding cell -- xilinx.com:module_ref:jicun:1.0 - jicun_0
WARNING: [BD 41-1731] Type mismatch between connected pins: /clk(clk) and /da_0/shuru(undef)
WARNING: [BD 41-1731] Type mismatch between connected pins: /clk(clk) and /da_1/shuru(undef)
Successfully read diagram <design_1> from BD file <D:/vivado/233/yanshiban/yanshiban/yanshiban.srcs/sources_1/bd/design_1/design_1.bd>
open_bd_design: Time (s): cpu = 00:00:08 ; elapsed = 00:00:06 . Memory (MB): peak = 968.758 ; gain = 74.539
close [ open D:/vivado/233/yanshiban/yanshiban/yanshiban.srcs/sources_1/new/xiaodou.v w ]
add_files D:/vivado/233/yanshiban/yanshiban/yanshiban.srcs/sources_1/new/xiaodou.v
update_compile_order -fileset sources_1
set_property needs_refresh false [get_runs synth_1]
set_property needs_refresh false [get_runs impl_1]
open_bd_design {D:/vivado/233/yanshiban/yanshiban/yanshiban.srcs/sources_1/bd/design_1/design_1.bd}
set_property location {-2120 -110} [get_bd_ports pw_4]
open_bd_design {D:/vivado/233/yanshiban/yanshiban/yanshiban.srcs/sources_1/bd/design_1/design_1.bd}
create_bd_cell -type module -reference xiaodou xiaodou_0
INFO: [IP_Flow 19-4753] Inferred signal 'clock' from port 'clk' as interface 'clk'.
WARNING: [IP_Flow 19-3153] Bus Interface 'clk': ASSOCIATED_BUSIF bus parameter is missing.
INFO: [IP_Flow 19-234] Refreshing IP repositories
WARNING: [IP_Flow 19-2248] Failed to load user IP repository 'c:/Users/MasterH/Documents/Tencent Files/958028260/FileRecv/wanchengban/wanchengban/HIT_74chips'; Can't find the specified path.
If this directory should no longer be in your list of user repositories, go to the IP Settings dialog and remove it.
WARNING: [IP_Flow 19-2248] Failed to load user IP repository 'c:/Users/MasterH/Documents/Tencent Files/958028260/FileRecv/wanchengban/wanchengban/MY_74LS153'; Can't find the specified path.
If this directory should no longer be in your list of user repositories, go to the IP Settings dialog and remove it.
WARNING: [IP_Flow 19-2248] Failed to load user IP repository 'c:/Users/MasterH/Documents/Tencent Files/958028260/FileRecv/wanchengban/wanchengban/MY_74LS194'; Can't find the specified path.
If this directory should no longer be in your list of user repositories, go to the IP Settings dialog and remove it.
copy_bd_objs /  [get_bd_cells {xiaodou_0}]
set_property location {1 -1444 11} [get_bd_cells xiaodou_1]
copy_bd_objs /  [get_bd_cells {xiaodou_0}]
copy_bd_objs: Time (s): cpu = 00:00:01 ; elapsed = 00:00:14 . Memory (MB): peak = 1013.266 ; gain = 0.000
set_property location {1 -1546 176} [get_bd_cells xiaodou_2]
set_property location {2 -1205 27} [get_bd_cells erxuanyi_0]
delete_bd_objs [get_bd_nets pw_5_1]
connect_bd_net [get_bd_ports pw_5] [get_bd_pins xiaodou_0/key_in]
connect_bd_net [get_bd_pins xiaodou_0/key_out] [get_bd_pins erxuanyi_0/pw_5]
delete_bd_objs [get_bd_nets pw_6_1]
connect_bd_net [get_bd_ports pw_6] [get_bd_pins xiaodou_1/key_in]
connect_bd_net [get_bd_pins xiaodou_1/key_out] [get_bd_pins erxuanyi_0/pw_6]
delete_bd_objs [get_bd_nets pw_7_1]
connect_bd_net [get_bd_ports pw_7] [get_bd_pins xiaodou_2/key_in]
connect_bd_net [get_bd_pins xiaodou_2/key_out] [get_bd_pins erxuanyi_0/pw_7]
copy_bd_objs /  [get_bd_cells {xiaodou_2}]
copy_bd_objs /  [get_bd_cells {xiaodou_2}]
copy_bd_objs: Time (s): cpu = 00:00:01 ; elapsed = 00:00:14 . Memory (MB): peak = 1024.883 ; gain = 0.000
delete_bd_objs [get_bd_nets pw_8_1]
connect_bd_net [get_bd_ports pw_8] [get_bd_pins xiaodou_3/key_in]
connect_bd_net [get_bd_pins xiaodou_3/key_out] [get_bd_pins erxuanyi_0/pw_8]
delete_bd_objs [get_bd_nets pw_9_1]
connect_bd_net [get_bd_ports pw_9] [get_bd_pins xiaodou_4/key_in]
connect_bd_net [get_bd_pins xiaodou_4/key_out] [get_bd_pins erxuanyi_0/pw_9]
copy_bd_objs /  [get_bd_cells {xiaodou_4}]
set_property location {1 -1599 389} [get_bd_cells xiaodou_5]
delete_bd_objs [get_bd_nets pw_10_1]
connect_bd_net [get_bd_pins xiaodou_5/key_out] [get_bd_pins erxuanyi_0/pw_10]
connect_bd_net [get_bd_ports pw_10] [get_bd_pins xiaodou_5/key_in]
save_bd_design
Wrote  : <D:/vivado/233/yanshiban/yanshiban/yanshiban.srcs/sources_1/bd/design_1/design_1.bd> 
Wrote  : <D:/vivado/233/yanshiban/yanshiban/yanshiban.srcs/sources_1/bd/design_1/ui/bd_1f5defd0.ui> 
connect_bd_net [get_bd_ports clk] [get_bd_pins xiaodou_0/clk]
connect_bd_net [get_bd_ports clk] [get_bd_pins xiaodou_1/clk]
connect_bd_net [get_bd_ports clk] [get_bd_pins xiaodou_2/clk]
connect_bd_net [get_bd_ports clk] [get_bd_pins xiaodou_3/clk]
connect_bd_net [get_bd_ports clk] [get_bd_pins xiaodou_4/clk]
connect_bd_net [get_bd_ports clk] [get_bd_pins xiaodou_5/clk]
save_bd_design
Wrote  : <D:/vivado/233/yanshiban/yanshiban/yanshiban.srcs/sources_1/bd/design_1/design_1.bd> 
Wrote  : <D:/vivado/233/yanshiban/yanshiban/yanshiban.srcs/sources_1/bd/design_1/ui/bd_1f5defd0.ui> 
